<?xml version="1.1" encoding="UTF-8"?>
<testsuite name="org.adaptlab.chpir.android.survey.Models.SurveyTest" tests="15" failures="0" errors="0" timestamp="2013-12-27T01:30:23" hostname="CCFP-0193" time="0.627">
  <properties/>
  <testcase name="shouldSetAndGetSameInstrument" classname="org.adaptlab.chpir.android.survey.Models.SurveyTest" time="0.043"/>
  <testcase name="shouldHaveJsonStringUuid" classname="org.adaptlab.chpir.android.survey.Models.SurveyTest" time="0.057"/>
  <testcase name="shouldGetUniqueUUID" classname="org.adaptlab.chpir.android.survey.Models.SurveyTest" time="0.043"/>
  <testcase name="shouldReturnResponseBasedOnQuestion" classname="org.adaptlab.chpir.android.survey.Models.SurveyTest" time="0.041"/>
  <testcase name="shouldSetAsSent" classname="org.adaptlab.chpir.android.survey.Models.SurveyTest" time="0.05"/>
  <testcase name="shouldSetAsComplete" classname="org.adaptlab.chpir.android.survey.Models.SurveyTest" time="0.05"/>
  <testcase name="shouldNotBeSent" classname="org.adaptlab.chpir.android.survey.Models.SurveyTest" time="0.036"/>
  <testcase name="shouldReturnUUID" classname="org.adaptlab.chpir.android.survey.Models.SurveyTest" time="0.039"/>
  <testcase name="shouldHaveJsonStringDeviceIdentifier" classname="org.adaptlab.chpir.android.survey.Models.SurveyTest" time="0.04"/>
  <testcase name="jsonShouldNotBeNull" classname="org.adaptlab.chpir.android.survey.Models.SurveyTest" time="0.032"/>
  <testcase name="shouldHaveJsonStringInstrumentId" classname="org.adaptlab.chpir.android.survey.Models.SurveyTest" time="0.04"/>
  <testcase name="shouldHaveJsonStringInstrumentVersionNumber" classname="org.adaptlab.chpir.android.survey.Models.SurveyTest" time="0.032"/>
  <testcase name="shouldNotReturnAnyResponse" classname="org.adaptlab.chpir.android.survey.Models.SurveyTest" time="0.042"/>
  <testcase name="shouldNotBeReadyToSend" classname="org.adaptlab.chpir.android.survey.Models.SurveyTest" time="0.044"/>
  <testcase name="shouldSetResponsesAndGetListOfResponse" classname="org.adaptlab.chpir.android.survey.Models.SurveyTest" time="0.037"/>
  <system-out><![CDATA[]]></system-out>
  <system-err><![CDATA[]]></system-err>
</testsuite>
