<?xml version="1.1" encoding="UTF-8"?>
<testsuite name="org.adaptlab.chpir.android.survey.Models.InstrumentTranslationTest" tests="5" failures="0" errors="0" timestamp="2013-12-27T00:40:57" hostname="CCFP-0193" time="0.302">
  <properties/>
  <testcase name="shouldSetAndGetInstrument" classname="org.adaptlab.chpir.android.survey.Models.InstrumentTranslationTest" time="0.065"/>
  <testcase name="shouldSetAndGetAlignment" classname="org.adaptlab.chpir.android.survey.Models.InstrumentTranslationTest" time="0.056"/>
  <testcase name="shouldSetAndGetTitle" classname="org.adaptlab.chpir.android.survey.Models.InstrumentTranslationTest" time="0.061"/>
  <testcase name="shouldSetAndGetLanguage" classname="org.adaptlab.chpir.android.survey.Models.InstrumentTranslationTest" time="0.067"/>
  <testcase name="shouldReturnInstrumentTranslationBasedOnLanguage" classname="org.adaptlab.chpir.android.survey.Models.InstrumentTranslationTest" time="0.053"/>
  <system-out><![CDATA[]]></system-out>
  <system-err><![CDATA[]]></system-err>
</testsuite>
