<?xml version="1.1" encoding="UTF-8"?>
<testsuite name="org.adaptlab.chpir.android.activerecordcloudsync.HttpPushrTest" tests="1" failures="0" errors="0" timestamp="2013-12-27T00:53:23" hostname="CCFP-0193" time="0.108">
  <properties/>
  <testcase name="shouldNotBeNull" classname="org.adaptlab.chpir.android.activerecordcloudsync.HttpPushrTest" time="0.108"/>
  <system-out><![CDATA[]]></system-out>
  <system-err><![CDATA[]]></system-err>
</testsuite>
