<?xml version="1.1" encoding="UTF-8"?>
<testsuite name="org.adaptlab.chpir.android.survey.QuestionFragmentTest" tests="9" failures="0" errors="0" timestamp="2013-12-27T01:30:17" hostname="CCFP-0193" time="1.068">
  <properties/>
  <testcase name="shouldReturnInstrument" classname="org.adaptlab.chpir.android.survey.QuestionFragmentTest" time="0.133"/>
  <testcase name="shouldHaveSameResponseHint" classname="org.adaptlab.chpir.android.survey.QuestionFragmentTest" time="0.108"/>
  <testcase name="shouldCallCreateQuestionComponent" classname="org.adaptlab.chpir.android.survey.QuestionFragmentTest" time="0.125"/>
  <testcase name="shouldGetSurvey" classname="org.adaptlab.chpir.android.survey.QuestionFragmentTest" time="0.109"/>
  <testcase name="shouldReturnView" classname="org.adaptlab.chpir.android.survey.QuestionFragmentTest" time="0.129"/>
  <testcase name="shouldNotBeEnabled" classname="org.adaptlab.chpir.android.survey.QuestionFragmentTest" time="0.104"/>
  <testcase name="shouldHaveTextChangeListener" classname="org.adaptlab.chpir.android.survey.QuestionFragmentTest" time="0.142"/>
  <testcase name="shouldGetQuestion" classname="org.adaptlab.chpir.android.survey.QuestionFragmentTest" time="0.104"/>
  <testcase name="shouldReturnResponse" classname="org.adaptlab.chpir.android.survey.QuestionFragmentTest" time="0.114"/>
  <system-out><![CDATA[]]></system-out>
  <system-err><![CDATA[]]></system-err>
</testsuite>
