<?xml version="1.1" encoding="UTF-8"?>
<testsuite name="org.adaptlab.chpir.android.survey.Models.InstrumentTest" tests="16" failures="0" errors="0" timestamp="2013-12-30T22:15:09" hostname="CCFP-0193" time="0.993">
  <properties/>
  <testcase name="shouldReturnDefaultGravityRight" classname="org.adaptlab.chpir.android.survey.Models.InstrumentTest" time="0.073"/>
  <testcase name="shouldSetAndReturnRemoteId" classname="org.adaptlab.chpir.android.survey.Models.InstrumentTest" time="0.057"/>
  <testcase name="shouldReturnListOfInstrumentTranslations" classname="org.adaptlab.chpir.android.survey.Models.InstrumentTest" time="0.066"/>
  <testcase name="shouldReturnInstrumentTranslationAlignmentIfLanguageDifferent" classname="org.adaptlab.chpir.android.survey.Models.InstrumentTest" time="0.053"/>
  <testcase name="shouldReturnString" classname="org.adaptlab.chpir.android.survey.Models.InstrumentTest" time="0.063"/>
  <testcase name="shouldReturnInstrumentBasedOnRemoteId" classname="org.adaptlab.chpir.android.survey.Models.InstrumentTest" time="0.057"/>
  <testcase name="shouldReturnAlignmentIfDeviceAndInstrumentLanguagesSame" classname="org.adaptlab.chpir.android.survey.Models.InstrumentTest" time="0.081"/>
  <testcase name="shouldSetAndReturnVersionNumber" classname="org.adaptlab.chpir.android.survey.Models.InstrumentTest" time="0.045"/>
  <testcase name="shouldReturnTitleIfDeviceAndInstrumentLanguagesSame" classname="org.adaptlab.chpir.android.survey.Models.InstrumentTest" time="0.066"/>
  <testcase name="shouldReturnInstrumentTranslationTitleIfLanguageDifferent" classname="org.adaptlab.chpir.android.survey.Models.InstrumentTest" time="0.055"/>
  <testcase name="shouldReturnListOfSurveys" classname="org.adaptlab.chpir.android.survey.Models.InstrumentTest" time="0.065"/>
  <testcase name="shouldSetAndGetLanguage" classname="org.adaptlab.chpir.android.survey.Models.InstrumentTest" time="0.063"/>
  <testcase name="shouldReturnListOfAllInstruments" classname="org.adaptlab.chpir.android.survey.Models.InstrumentTest" time="0.075"/>
  <testcase name="shouldReturnDefaultGravityLeft" classname="org.adaptlab.chpir.android.survey.Models.InstrumentTest" time="0.055"/>
  <testcase name="shouldReturnTypeFace" classname="org.adaptlab.chpir.android.survey.Models.InstrumentTest" time="0.059"/>
  <testcase name="shouldReturnListOfQuestions" classname="org.adaptlab.chpir.android.survey.Models.InstrumentTest" time="0.057"/>
  <system-out><![CDATA[]]></system-out>
  <system-err><![CDATA[]]></system-err>
</testsuite>
