<?xml version="1.1" encoding="UTF-8"?>
<testsuite name="org.adaptlab.chpir.android.survey.Models.InstrumentTest" tests="16" failures="0" errors="0" timestamp="2013-12-30T21:10:14" hostname="CCFP-0193" time="0.834">
  <properties/>
  <testcase name="shouldReturnDefaultGravityRight" classname="org.adaptlab.chpir.android.survey.Models.InstrumentTest" time="0.075"/>
  <testcase name="shouldSetAndReturnRemoteId" classname="org.adaptlab.chpir.android.survey.Models.InstrumentTest" time="0.058"/>
  <testcase name="shouldReturnListOfInstrumentTranslations" classname="org.adaptlab.chpir.android.survey.Models.InstrumentTest" time="0.063"/>
  <testcase name="shouldReturnInstrumentTranslationAlignmentIfLanguageDifferent" classname="org.adaptlab.chpir.android.survey.Models.InstrumentTest" time="0.048"/>
  <testcase name="shouldReturnString" classname="org.adaptlab.chpir.android.survey.Models.InstrumentTest" time="0.049"/>
  <testcase name="shouldReturnInstrumentBasedOnRemoteId" classname="org.adaptlab.chpir.android.survey.Models.InstrumentTest" time="0.053"/>
  <testcase name="shouldReturnAlignmentIfDeviceAndInstrumentLanguagesSame" classname="org.adaptlab.chpir.android.survey.Models.InstrumentTest" time="0.049"/>
  <testcase name="shouldSetAndReturnVersionNumber" classname="org.adaptlab.chpir.android.survey.Models.InstrumentTest" time="0.054"/>
  <testcase name="shouldReturnTitleIfDeviceAndInstrumentLanguagesSame" classname="org.adaptlab.chpir.android.survey.Models.InstrumentTest" time="0.043"/>
  <testcase name="shouldReturnInstrumentTranslationTitleIfLanguageDifferent" classname="org.adaptlab.chpir.android.survey.Models.InstrumentTest" time="0.048"/>
  <testcase name="shouldReturnListOfSurveys" classname="org.adaptlab.chpir.android.survey.Models.InstrumentTest" time="0.057"/>
  <testcase name="shouldSetAndGetLanguage" classname="org.adaptlab.chpir.android.survey.Models.InstrumentTest" time="0.055"/>
  <testcase name="shouldReturnListOfAllInstruments" classname="org.adaptlab.chpir.android.survey.Models.InstrumentTest" time="0.056"/>
  <testcase name="shouldReturnDefaultGravityLeft" classname="org.adaptlab.chpir.android.survey.Models.InstrumentTest" time="0.044"/>
  <testcase name="shouldReturnTypeFace" classname="org.adaptlab.chpir.android.survey.Models.InstrumentTest" time="0.039"/>
  <testcase name="shouldReturnListOfQuestions" classname="org.adaptlab.chpir.android.survey.Models.InstrumentTest" time="0.041"/>
  <system-out><![CDATA[]]></system-out>
  <system-err><![CDATA[]]></system-err>
</testsuite>
