<?xml version="1.1" encoding="UTF-8"?>
<testsuite name="org.adaptlab.chpir.android.survey.Models.InstrumentTest" tests="16" failures="0" errors="0" timestamp="2013-12-27T00:40:56" hostname="CCFP-0193" time="0.955">
  <properties/>
  <testcase name="shouldReturnDefaultGravityRight" classname="org.adaptlab.chpir.android.survey.Models.InstrumentTest" time="0.063"/>
  <testcase name="shouldSetAndReturnRemoteId" classname="org.adaptlab.chpir.android.survey.Models.InstrumentTest" time="0.043"/>
  <testcase name="shouldReturnListOfInstrumentTranslations" classname="org.adaptlab.chpir.android.survey.Models.InstrumentTest" time="0.062"/>
  <testcase name="shouldReturnInstrumentTranslationAlignmentIfLanguageDifferent" classname="org.adaptlab.chpir.android.survey.Models.InstrumentTest" time="0.065"/>
  <testcase name="shouldReturnString" classname="org.adaptlab.chpir.android.survey.Models.InstrumentTest" time="0.055"/>
  <testcase name="shouldReturnInstrumentBasedOnRemoteId" classname="org.adaptlab.chpir.android.survey.Models.InstrumentTest" time="0.048"/>
  <testcase name="shouldReturnAlignmentIfDeviceAndInstrumentLanguagesSame" classname="org.adaptlab.chpir.android.survey.Models.InstrumentTest" time="0.063"/>
  <testcase name="shouldSetAndReturnVersionNumber" classname="org.adaptlab.chpir.android.survey.Models.InstrumentTest" time="0.068"/>
  <testcase name="shouldReturnTitleIfDeviceAndInstrumentLanguagesSame" classname="org.adaptlab.chpir.android.survey.Models.InstrumentTest" time="0.063"/>
  <testcase name="shouldReturnInstrumentTranslationTitleIfLanguageDifferent" classname="org.adaptlab.chpir.android.survey.Models.InstrumentTest" time="0.06"/>
  <testcase name="shouldReturnListOfSurveys" classname="org.adaptlab.chpir.android.survey.Models.InstrumentTest" time="0.061"/>
  <testcase name="shouldSetAndGetLanguage" classname="org.adaptlab.chpir.android.survey.Models.InstrumentTest" time="0.059"/>
  <testcase name="shouldReturnListOfAllInstruments" classname="org.adaptlab.chpir.android.survey.Models.InstrumentTest" time="0.065"/>
  <testcase name="shouldReturnDefaultGravityLeft" classname="org.adaptlab.chpir.android.survey.Models.InstrumentTest" time="0.05"/>
  <testcase name="shouldReturnTypeFace" classname="org.adaptlab.chpir.android.survey.Models.InstrumentTest" time="0.06"/>
  <testcase name="shouldReturnListOfQuestions" classname="org.adaptlab.chpir.android.survey.Models.InstrumentTest" time="0.068"/>
  <system-out><![CDATA[]]></system-out>
  <system-err><![CDATA[]]></system-err>
</testsuite>
