<?xml version="1.1" encoding="UTF-8"?>
<testsuite name="org.adaptlab.chpir.android.survey.SurveyFragmentTest" tests="5" failures="0" errors="0" timestamp="2013-12-30T22:15:08" hostname="CCFP-0193" time="0.596">
  <properties/>
  <testcase name="shouldGetNextQuestion" classname="org.adaptlab.chpir.android.survey.SurveyFragmentTest" time="0.152"/>
  <testcase name="shouldGetNextQuestionSkipPatternOther" classname="org.adaptlab.chpir.android.survey.SurveyFragmentTest" time="0.11"/>
  <testcase name="shouldGetNextQuestionHasSkipPattern" classname="org.adaptlab.chpir.android.survey.SurveyFragmentTest" time="0.106"/>
  <testcase name="innerIfStateOnClick" classname="org.adaptlab.chpir.android.survey.SurveyFragmentTest" time="0.113"/>
  <testcase name="fragmentShouldNotBeNull" classname="org.adaptlab.chpir.android.survey.SurveyFragmentTest" time="0.114"/>
  <system-out><![CDATA[]]></system-out>
  <system-err><![CDATA[]]></system-err>
</testsuite>
