<?xml version="1.1" encoding="UTF-8"?>
<testsuite name="org.adaptlab.chpir.android.survey.AdminFragmentTest" tests="13" failures="0" errors="0" timestamp="2013-12-27T00:40:46" hostname="CCFP-0193" time="4.795">
  <properties/>
  <testcase name="shouldSetSyncIntervalText" classname="org.adaptlab.chpir.android.survey.AdminFragmentTest" time="0.916"/>
  <testcase name="shouldSetCustomLocaleCodeText" classname="org.adaptlab.chpir.android.survey.AdminFragmentTest" time="0.344"/>
  <testcase name="shouldReturnView" classname="org.adaptlab.chpir.android.survey.AdminFragmentTest" time="0.54"/>
  <testcase name="shouldHaveSyncIntervalEditText" classname="org.adaptlab.chpir.android.survey.AdminFragmentTest" time="0.342"/>
  <testcase name="shouldSetDeviceIdText" classname="org.adaptlab.chpir.android.survey.AdminFragmentTest" time="0.372"/>
  <testcase name="shoulHaveSaveButton" classname="org.adaptlab.chpir.android.survey.AdminFragmentTest" time="0.284"/>
  <testcase name="shouldSetApiEndPointText" classname="org.adaptlab.chpir.android.survey.AdminFragmentTest" time="0.32"/>
  <testcase name="fragmentShouldNotBeNull" classname="org.adaptlab.chpir.android.survey.AdminFragmentTest" time="0.295"/>
  <testcase name="shouldHaveLastUpdateTextView" classname="org.adaptlab.chpir.android.survey.AdminFragmentTest" time="0.272"/>
  <testcase name="shouldDisplayLastUpdateTime" classname="org.adaptlab.chpir.android.survey.AdminFragmentTest" time="0.284"/>
  <testcase name="shouldHaveCustomLocaleEditText" classname="org.adaptlab.chpir.android.survey.AdminFragmentTest" time="0.269"/>
  <testcase name="shouldHaveDeviceIdentifierEditText" classname="org.adaptlab.chpir.android.survey.AdminFragmentTest" time="0.255"/>
  <testcase name="shouldHaveApiEndPointText" classname="org.adaptlab.chpir.android.survey.AdminFragmentTest" time="0.302"/>
  <system-out><![CDATA[]]></system-out>
  <system-err><![CDATA[]]></system-err>
</testsuite>
