<?xml version="1.1" encoding="UTF-8"?>
<testsuite name="org.adaptlab.chpir.android.survey.SurveyFragmentTest" tests="9" failures="0" errors="0" timestamp="2013-12-27T01:50:24" hostname="CCFP-0193" time="1.334">
  <properties/>
  <testcase name="shouldGetNextQuestion" classname="org.adaptlab.chpir.android.survey.SurveyFragmentTest" time="0.167"/>
  <testcase name="shouldGetNextQuestionSkipPatternOther" classname="org.adaptlab.chpir.android.survey.SurveyFragmentTest" time="0.119"/>
  <testcase name="shouldGetNextQuestionHasSkipPattern" classname="org.adaptlab.chpir.android.survey.SurveyFragmentTest" time="0.144"/>
  <testcase name="innerIfStateOnClick" classname="org.adaptlab.chpir.android.survey.SurveyFragmentTest" time="0.162"/>
  <testcase name="shouldReturnViewOnCreateView" classname="org.adaptlab.chpir.android.survey.SurveyFragmentTest" time="0.21"/>
  <testcase name="fragmentShouldNotBeNull" classname="org.adaptlab.chpir.android.survey.SurveyFragmentTest" time="0.123"/>
  <testcase name="shouldSetQuestionTextFollowUpQuestion" classname="org.adaptlab.chpir.android.survey.SurveyFragmentTest" time="0.148"/>
  <testcase name="shouldSetQuestionText" classname="org.adaptlab.chpir.android.survey.SurveyFragmentTest" time="0.125"/>
  <testcase name="shouldHaveRightQuestionTextView" classname="org.adaptlab.chpir.android.survey.SurveyFragmentTest" time="0.136"/>
  <system-out><![CDATA[]]></system-out>
  <system-err><![CDATA[]]></system-err>
</testsuite>
