<?xml version="1.1" encoding="UTF-8"?>
<testsuite name="org.adaptlab.chpir.android.survey.QuestionFragments.RatingQuestionFragmentTest" tests="3" failures="0" errors="0" timestamp="2013-12-30T21:10:18" hostname="CCFP-0193" time="0.348">
  <properties/>
  <testcase name="shouldNotBeNull" classname="org.adaptlab.chpir.android.survey.QuestionFragments.RatingQuestionFragmentTest" time="0.096"/>
  <testcase name="shouldHaveRatingBarView" classname="org.adaptlab.chpir.android.survey.QuestionFragments.RatingQuestionFragmentTest" time="0.139"/>
  <testcase name="shouldHaveFiveRatingStars" classname="org.adaptlab.chpir.android.survey.QuestionFragments.RatingQuestionFragmentTest" time="0.113"/>
  <system-out><![CDATA[]]></system-out>
  <system-err><![CDATA[]]></system-err>
</testsuite>
