<?xml version="1.1" encoding="UTF-8"?>
<testsuite name="org.adaptlab.chpir.android.survey.QuestionFragments.DateQuestionFragmentTest" tests="3" failures="0" errors="0" timestamp="2013-12-27T00:41:00" hostname="CCFP-0193" time="0.297">
  <properties/>
  <testcase name="shouldNotBeNull" classname="org.adaptlab.chpir.android.survey.QuestionFragments.DateQuestionFragmentTest" time="0.106"/>
  <testcase name="shouldHaveDateChangeListener" classname="org.adaptlab.chpir.android.survey.QuestionFragments.DateQuestionFragmentTest" time="0.089"/>
  <testcase name="shouldHaveDatePickerView" classname="org.adaptlab.chpir.android.survey.QuestionFragments.DateQuestionFragmentTest" time="0.102"/>
  <system-out><![CDATA[]]></system-out>
  <system-err><![CDATA[]]></system-err>
</testsuite>
