<?xml version="1.1" encoding="UTF-8"?>
<testsuite name="org.adaptlab.chpir.android.survey.QuestionFragments.SelectMultipleQuestionFragmentTest" tests="8" failures="0" errors="0" timestamp="2013-12-27T00:41:01" hostname="CCFP-0193" time="1.299">
  <properties/>
  <testcase name="shouldSetOptionId" classname="org.adaptlab.chpir.android.survey.QuestionFragments.SelectMultipleQuestionFragmentTest" time="0.145"/>
  <testcase name="shouldCallBeforeAddViewHook" classname="org.adaptlab.chpir.android.survey.QuestionFragments.SelectMultipleQuestionFragmentTest" time="0.116"/>
  <testcase name="shouldSetOptionText" classname="org.adaptlab.chpir.android.survey.QuestionFragments.SelectMultipleQuestionFragmentTest" time="0.119"/>
  <testcase name="fragmentShouldNotBeNull" classname="org.adaptlab.chpir.android.survey.QuestionFragments.SelectMultipleQuestionFragmentTest" time="0.112"/>
  <testcase name="ShouldHaveOnCheckedChangeListener" classname="org.adaptlab.chpir.android.survey.QuestionFragments.SelectMultipleQuestionFragmentTest" time="0.123"/>
  <testcase name="shouldCallSaveMultiResponse" classname="org.adaptlab.chpir.android.survey.QuestionFragments.SelectMultipleQuestionFragmentTest" time="0.127"/>
  <testcase name="shouldAddViewToQuestionComponent" classname="org.adaptlab.chpir.android.survey.QuestionFragments.SelectMultipleQuestionFragmentTest" time="0.402"/>
  <testcase name="shouldSetTypeFace" classname="org.adaptlab.chpir.android.survey.QuestionFragments.SelectMultipleQuestionFragmentTest" time="0.155"/>
  <system-out><![CDATA[]]></system-out>
  <system-err><![CDATA[]]></system-err>
</testsuite>
