<?xml version="1.1" encoding="UTF-8"?>
<testsuite name="org.adaptlab.chpir.android.survey.Models.InstrumentTest" tests="16" failures="0" errors="0" timestamp="2013-12-27T01:50:26" hostname="CCFP-0193" time="1.155">
  <properties/>
  <testcase name="shouldReturnDefaultGravityRight" classname="org.adaptlab.chpir.android.survey.Models.InstrumentTest" time="0.074"/>
  <testcase name="shouldSetAndReturnRemoteId" classname="org.adaptlab.chpir.android.survey.Models.InstrumentTest" time="0.068"/>
  <testcase name="shouldReturnListOfInstrumentTranslations" classname="org.adaptlab.chpir.android.survey.Models.InstrumentTest" time="0.069"/>
  <testcase name="shouldReturnInstrumentTranslationAlignmentIfLanguageDifferent" classname="org.adaptlab.chpir.android.survey.Models.InstrumentTest" time="0.059"/>
  <testcase name="shouldReturnString" classname="org.adaptlab.chpir.android.survey.Models.InstrumentTest" time="0.066"/>
  <testcase name="shouldReturnInstrumentBasedOnRemoteId" classname="org.adaptlab.chpir.android.survey.Models.InstrumentTest" time="0.076"/>
  <testcase name="shouldReturnAlignmentIfDeviceAndInstrumentLanguagesSame" classname="org.adaptlab.chpir.android.survey.Models.InstrumentTest" time="0.081"/>
  <testcase name="shouldSetAndReturnVersionNumber" classname="org.adaptlab.chpir.android.survey.Models.InstrumentTest" time="0.063"/>
  <testcase name="shouldReturnTitleIfDeviceAndInstrumentLanguagesSame" classname="org.adaptlab.chpir.android.survey.Models.InstrumentTest" time="0.053"/>
  <testcase name="shouldReturnInstrumentTranslationTitleIfLanguageDifferent" classname="org.adaptlab.chpir.android.survey.Models.InstrumentTest" time="0.079"/>
  <testcase name="shouldReturnListOfSurveys" classname="org.adaptlab.chpir.android.survey.Models.InstrumentTest" time="0.081"/>
  <testcase name="shouldSetAndGetLanguage" classname="org.adaptlab.chpir.android.survey.Models.InstrumentTest" time="0.075"/>
  <testcase name="shouldReturnListOfAllInstruments" classname="org.adaptlab.chpir.android.survey.Models.InstrumentTest" time="0.09"/>
  <testcase name="shouldReturnDefaultGravityLeft" classname="org.adaptlab.chpir.android.survey.Models.InstrumentTest" time="0.064"/>
  <testcase name="shouldReturnTypeFace" classname="org.adaptlab.chpir.android.survey.Models.InstrumentTest" time="0.077"/>
  <testcase name="shouldReturnListOfQuestions" classname="org.adaptlab.chpir.android.survey.Models.InstrumentTest" time="0.077"/>
  <system-out><![CDATA[]]></system-out>
  <system-err><![CDATA[]]></system-err>
</testsuite>
