<?xml version="1.1" encoding="UTF-8"?>
<testsuite name="org.adaptlab.chpir.android.survey.QuestionFragments.FreeResponseQuestionFragmentTest" tests="4" failures="0" errors="0" timestamp="2013-12-27T00:41:00" hostname="CCFP-0193" time="0.356">
  <properties/>
  <testcase name="questionComponentShouldHaveHintString" classname="org.adaptlab.chpir.android.survey.QuestionFragments.FreeResponseQuestionFragmentTest" time="0.098"/>
  <testcase name="fragmentShouldNotBeNull" classname="org.adaptlab.chpir.android.survey.QuestionFragments.FreeResponseQuestionFragmentTest" time="0.067"/>
  <testcase name="shouldHaveTextChangeListener" classname="org.adaptlab.chpir.android.survey.QuestionFragments.FreeResponseQuestionFragmentTest" time="0.095"/>
  <testcase name="questionComponentShoudHaveOneChildView" classname="org.adaptlab.chpir.android.survey.QuestionFragments.FreeResponseQuestionFragmentTest" time="0.096"/>
  <system-out><![CDATA[]]></system-out>
  <system-err><![CDATA[]]></system-err>
</testsuite>
