<?xml version="1.1" encoding="UTF-8"?>
<testsuite name="org.adaptlab.chpir.android.survey.Models.InstrumentTest" tests="16" failures="0" errors="0" timestamp="2013-12-27T01:34:57" hostname="CCFP-0193" time="0.949">
  <properties/>
  <testcase name="shouldReturnDefaultGravityRight" classname="org.adaptlab.chpir.android.survey.Models.InstrumentTest" time="0.083"/>
  <testcase name="shouldSetAndReturnRemoteId" classname="org.adaptlab.chpir.android.survey.Models.InstrumentTest" time="0.055"/>
  <testcase name="shouldReturnListOfInstrumentTranslations" classname="org.adaptlab.chpir.android.survey.Models.InstrumentTest" time="0.07"/>
  <testcase name="shouldReturnInstrumentTranslationAlignmentIfLanguageDifferent" classname="org.adaptlab.chpir.android.survey.Models.InstrumentTest" time="0.049"/>
  <testcase name="shouldReturnString" classname="org.adaptlab.chpir.android.survey.Models.InstrumentTest" time="0.057"/>
  <testcase name="shouldReturnInstrumentBasedOnRemoteId" classname="org.adaptlab.chpir.android.survey.Models.InstrumentTest" time="0.058"/>
  <testcase name="shouldReturnAlignmentIfDeviceAndInstrumentLanguagesSame" classname="org.adaptlab.chpir.android.survey.Models.InstrumentTest" time="0.069"/>
  <testcase name="shouldSetAndReturnVersionNumber" classname="org.adaptlab.chpir.android.survey.Models.InstrumentTest" time="0.045"/>
  <testcase name="shouldReturnTitleIfDeviceAndInstrumentLanguagesSame" classname="org.adaptlab.chpir.android.survey.Models.InstrumentTest" time="0.057"/>
  <testcase name="shouldReturnInstrumentTranslationTitleIfLanguageDifferent" classname="org.adaptlab.chpir.android.survey.Models.InstrumentTest" time="0.056"/>
  <testcase name="shouldReturnListOfSurveys" classname="org.adaptlab.chpir.android.survey.Models.InstrumentTest" time="0.059"/>
  <testcase name="shouldSetAndGetLanguage" classname="org.adaptlab.chpir.android.survey.Models.InstrumentTest" time="0.054"/>
  <testcase name="shouldReturnListOfAllInstruments" classname="org.adaptlab.chpir.android.survey.Models.InstrumentTest" time="0.063"/>
  <testcase name="shouldReturnDefaultGravityLeft" classname="org.adaptlab.chpir.android.survey.Models.InstrumentTest" time="0.06"/>
  <testcase name="shouldReturnTypeFace" classname="org.adaptlab.chpir.android.survey.Models.InstrumentTest" time="0.057"/>
  <testcase name="shouldReturnListOfQuestions" classname="org.adaptlab.chpir.android.survey.Models.InstrumentTest" time="0.056"/>
  <system-out><![CDATA[]]></system-out>
  <system-err><![CDATA[]]></system-err>
</testsuite>
