<?xml version="1.1" encoding="UTF-8"?>
<testsuite name="org.adaptlab.chpir.android.survey.Models.AdminSettingsTest" tests="4" failures="0" errors="0" timestamp="2013-12-30T22:15:09" hostname="CCFP-0193" time="0.285">
  <properties/>
  <testcase name="shouldSetAndGetDeviceIdentifier" classname="org.adaptlab.chpir.android.survey.Models.AdminSettingsTest" time="0.08"/>
  <testcase name="shouldGetAdminSettingsInstance" classname="org.adaptlab.chpir.android.survey.Models.AdminSettingsTest" time="0.062"/>
  <testcase name="shouldSetAndGetSyncInternval" classname="org.adaptlab.chpir.android.survey.Models.AdminSettingsTest" time="0.076"/>
  <testcase name="shouldSetAndGetApiUrl" classname="org.adaptlab.chpir.android.survey.Models.AdminSettingsTest" time="0.067"/>
  <system-out><![CDATA[]]></system-out>
  <system-err><![CDATA[]]></system-err>
</testsuite>
