<?xml version="1.1" encoding="UTF-8"?>
<testsuite name="org.adaptlab.chpir.android.survey.Models.InstrumentTranslationTest" tests="5" failures="0" errors="0" timestamp="2013-12-30T22:15:10" hostname="CCFP-0193" time="0.306">
  <properties/>
  <testcase name="shouldSetAndGetInstrument" classname="org.adaptlab.chpir.android.survey.Models.InstrumentTranslationTest" time="0.072"/>
  <testcase name="shouldSetAndGetAlignment" classname="org.adaptlab.chpir.android.survey.Models.InstrumentTranslationTest" time="0.054"/>
  <testcase name="shouldSetAndGetTitle" classname="org.adaptlab.chpir.android.survey.Models.InstrumentTranslationTest" time="0.064"/>
  <testcase name="shouldSetAndGetLanguage" classname="org.adaptlab.chpir.android.survey.Models.InstrumentTranslationTest" time="0.055"/>
  <testcase name="shouldReturnInstrumentTranslationBasedOnLanguage" classname="org.adaptlab.chpir.android.survey.Models.InstrumentTranslationTest" time="0.06"/>
  <system-out><![CDATA[]]></system-out>
  <system-err><![CDATA[]]></system-err>
</testsuite>
