<?xml version="1.1" encoding="UTF-8"?>
<testsuite name="org.adaptlab.chpir.android.survey.QuestionFragments.SliderQuestionFragmentTest" tests="5" failures="0" errors="0" timestamp="2013-12-27T00:53:43" hostname="CCFP-0193" time="0.655">
  <properties/>
  <testcase name="shouldCallCreateQuestionComponent" classname="org.adaptlab.chpir.android.survey.QuestionFragments.SliderQuestionFragmentTest" time="0.169"/>
  <testcase name="shouldDetectSliderProgressChange" classname="org.adaptlab.chpir.android.survey.QuestionFragments.SliderQuestionFragmentTest" time="0.119"/>
  <testcase name="fragmentShouldNotBeNull" classname="org.adaptlab.chpir.android.survey.QuestionFragments.SliderQuestionFragmentTest" time="0.09"/>
  <testcase name="shouldCallAddViewWithSlider" classname="org.adaptlab.chpir.android.survey.QuestionFragments.SliderQuestionFragmentTest" time="0.131"/>
  <testcase name="shouldHaveSeekBar" classname="org.adaptlab.chpir.android.survey.QuestionFragments.SliderQuestionFragmentTest" time="0.146"/>
  <system-out><![CDATA[]]></system-out>
  <system-err><![CDATA[]]></system-err>
</testsuite>
