<?xml version="1.1" encoding="UTF-8"?>
<testsuite name="org.adaptlab.chpir.android.survey.QuestionFragments.SliderQuestionFragmentTest" tests="5" failures="0" errors="0" timestamp="2013-12-27T01:50:37" hostname="CCFP-0193" time="0.764">
  <properties/>
  <testcase name="shouldCallCreateQuestionComponent" classname="org.adaptlab.chpir.android.survey.QuestionFragments.SliderQuestionFragmentTest" time="0.191"/>
  <testcase name="shouldDetectSliderProgressChange" classname="org.adaptlab.chpir.android.survey.QuestionFragments.SliderQuestionFragmentTest" time="0.147"/>
  <testcase name="fragmentShouldNotBeNull" classname="org.adaptlab.chpir.android.survey.QuestionFragments.SliderQuestionFragmentTest" time="0.109"/>
  <testcase name="shouldCallAddViewWithSlider" classname="org.adaptlab.chpir.android.survey.QuestionFragments.SliderQuestionFragmentTest" time="0.174"/>
  <testcase name="shouldHaveSeekBar" classname="org.adaptlab.chpir.android.survey.QuestionFragments.SliderQuestionFragmentTest" time="0.142"/>
  <system-out><![CDATA[]]></system-out>
  <system-err><![CDATA[]]></system-err>
</testsuite>
