<?xml version="1.1" encoding="UTF-8"?>
<testsuite name="org.adaptlab.chpir.android.survey.Models.SurveyTest" tests="15" failures="0" errors="0" timestamp="2013-12-30T22:15:13" hostname="CCFP-0193" time="0.761">
  <properties/>
  <testcase name="shouldSetAndGetSameInstrument" classname="org.adaptlab.chpir.android.survey.Models.SurveyTest" time="0.043"/>
  <testcase name="shouldHaveJsonStringUuid" classname="org.adaptlab.chpir.android.survey.Models.SurveyTest" time="0.054"/>
  <testcase name="shouldGetUniqueUUID" classname="org.adaptlab.chpir.android.survey.Models.SurveyTest" time="0.058"/>
  <testcase name="shouldReturnResponseBasedOnQuestion" classname="org.adaptlab.chpir.android.survey.Models.SurveyTest" time="0.054"/>
  <testcase name="shouldSetAsSent" classname="org.adaptlab.chpir.android.survey.Models.SurveyTest" time="0.05"/>
  <testcase name="shouldSetAsComplete" classname="org.adaptlab.chpir.android.survey.Models.SurveyTest" time="0.048"/>
  <testcase name="shouldNotBeSent" classname="org.adaptlab.chpir.android.survey.Models.SurveyTest" time="0.057"/>
  <testcase name="shouldReturnUUID" classname="org.adaptlab.chpir.android.survey.Models.SurveyTest" time="0.055"/>
  <testcase name="shouldHaveJsonStringDeviceIdentifier" classname="org.adaptlab.chpir.android.survey.Models.SurveyTest" time="0.054"/>
  <testcase name="jsonShouldNotBeNull" classname="org.adaptlab.chpir.android.survey.Models.SurveyTest" time="0.044"/>
  <testcase name="shouldHaveJsonStringInstrumentId" classname="org.adaptlab.chpir.android.survey.Models.SurveyTest" time="0.053"/>
  <testcase name="shouldHaveJsonStringInstrumentVersionNumber" classname="org.adaptlab.chpir.android.survey.Models.SurveyTest" time="0.057"/>
  <testcase name="shouldNotReturnAnyResponse" classname="org.adaptlab.chpir.android.survey.Models.SurveyTest" time="0.045"/>
  <testcase name="shouldNotBeReadyToSend" classname="org.adaptlab.chpir.android.survey.Models.SurveyTest" time="0.046"/>
  <testcase name="shouldSetResponsesAndGetListOfResponse" classname="org.adaptlab.chpir.android.survey.Models.SurveyTest" time="0.037"/>
  <system-out><![CDATA[]]></system-out>
  <system-err><![CDATA[]]></system-err>
</testsuite>
