<?xml version="1.1" encoding="UTF-8"?>
<testsuite name="org.adaptlab.chpir.android.survey.QuestionFragments.SliderQuestionFragmentTest" tests="5" failures="0" errors="0" timestamp="2013-12-27T01:30:29" hostname="CCFP-0193" time="0.688">
  <properties/>
  <testcase name="shouldCallCreateQuestionComponent" classname="org.adaptlab.chpir.android.survey.QuestionFragments.SliderQuestionFragmentTest" time="0.177"/>
  <testcase name="shouldDetectSliderProgressChange" classname="org.adaptlab.chpir.android.survey.QuestionFragments.SliderQuestionFragmentTest" time="0.123"/>
  <testcase name="fragmentShouldNotBeNull" classname="org.adaptlab.chpir.android.survey.QuestionFragments.SliderQuestionFragmentTest" time="0.094"/>
  <testcase name="shouldCallAddViewWithSlider" classname="org.adaptlab.chpir.android.survey.QuestionFragments.SliderQuestionFragmentTest" time="0.143"/>
  <testcase name="shouldHaveSeekBar" classname="org.adaptlab.chpir.android.survey.QuestionFragments.SliderQuestionFragmentTest" time="0.15"/>
  <system-out><![CDATA[]]></system-out>
  <system-err><![CDATA[]]></system-err>
</testsuite>
