<?xml version="1.1" encoding="UTF-8"?>
<testsuite name="org.adaptlab.chpir.android.survey.QuestionFragments.TimeQuestionFragmentTest" tests="2" failures="0" errors="0" timestamp="2013-12-30T21:10:21" hostname="CCFP-0193" time="0.303">
  <properties/>
  <testcase name="shouldHaveTimePickerView" classname="org.adaptlab.chpir.android.survey.QuestionFragments.TimeQuestionFragmentTest" time="0.228"/>
  <testcase name="shouldNotBeNull" classname="org.adaptlab.chpir.android.survey.QuestionFragments.TimeQuestionFragmentTest" time="0.075"/>
  <system-out><![CDATA[]]></system-out>
  <system-err><![CDATA[]]></system-err>
</testsuite>
