<?xml version="1.1" encoding="UTF-8"?>
<testsuite name="org.adaptlab.chpir.android.survey.AdminFragmentTest" tests="13" failures="0" errors="0" timestamp="2013-12-30T22:15:01" hostname="CCFP-0193" time="4.859">
  <properties/>
  <testcase name="shouldSetSyncIntervalText" classname="org.adaptlab.chpir.android.survey.AdminFragmentTest" time="0.73"/>
  <testcase name="shouldSetCustomLocaleCodeText" classname="org.adaptlab.chpir.android.survey.AdminFragmentTest" time="0.362"/>
  <testcase name="shouldReturnView" classname="org.adaptlab.chpir.android.survey.AdminFragmentTest" time="0.562"/>
  <testcase name="shouldHaveSyncIntervalEditText" classname="org.adaptlab.chpir.android.survey.AdminFragmentTest" time="0.341"/>
  <testcase name="shouldSetDeviceIdText" classname="org.adaptlab.chpir.android.survey.AdminFragmentTest" time="0.396"/>
  <testcase name="shoulHaveSaveButton" classname="org.adaptlab.chpir.android.survey.AdminFragmentTest" time="0.288"/>
  <testcase name="shouldSetApiEndPointText" classname="org.adaptlab.chpir.android.survey.AdminFragmentTest" time="0.278"/>
  <testcase name="fragmentShouldNotBeNull" classname="org.adaptlab.chpir.android.survey.AdminFragmentTest" time="0.329"/>
  <testcase name="shouldHaveLastUpdateTextView" classname="org.adaptlab.chpir.android.survey.AdminFragmentTest" time="0.308"/>
  <testcase name="shouldDisplayLastUpdateTime" classname="org.adaptlab.chpir.android.survey.AdminFragmentTest" time="0.345"/>
  <testcase name="shouldHaveCustomLocaleEditText" classname="org.adaptlab.chpir.android.survey.AdminFragmentTest" time="0.304"/>
  <testcase name="shouldHaveDeviceIdentifierEditText" classname="org.adaptlab.chpir.android.survey.AdminFragmentTest" time="0.323"/>
  <testcase name="shouldHaveApiEndPointText" classname="org.adaptlab.chpir.android.survey.AdminFragmentTest" time="0.29"/>
  <system-out><![CDATA[]]></system-out>
  <system-err><![CDATA[]]></system-err>
</testsuite>
