<?xml version="1.1" encoding="UTF-8"?>
<testsuite name="org.adaptlab.chpir.android.survey.QuestionFragments.SelectOneQuestionFragmentTest" tests="9" failures="0" errors="0" timestamp="2013-12-27T00:41:03" hostname="CCFP-0193" time="1.089">
  <properties/>
  <testcase name="shouldSetTypeFaceOnRadioButton" classname="org.adaptlab.chpir.android.survey.QuestionFragments.SelectOneQuestionFragmentTest" time="0.158"/>
  <testcase name="shouldSetTextOnRadioButton" classname="org.adaptlab.chpir.android.survey.QuestionFragments.SelectOneQuestionFragmentTest" time="0.11"/>
  <testcase name="shouldCallBeforeAddViewHook" classname="org.adaptlab.chpir.android.survey.QuestionFragments.SelectOneQuestionFragmentTest" time="0.117"/>
  <testcase name="radioGroupShouldHaveOnCheckedChangeListener" classname="org.adaptlab.chpir.android.survey.QuestionFragments.SelectOneQuestionFragmentTest" time="0.124"/>
  <testcase name="fragmentShouldNotBeNull" classname="org.adaptlab.chpir.android.survey.QuestionFragments.SelectOneQuestionFragmentTest" time="0.093"/>
  <testcase name="shouldSetIdOnRadioButton" classname="org.adaptlab.chpir.android.survey.QuestionFragments.SelectOneQuestionFragmentTest" time="0.131"/>
  <testcase name="shouldReturnRadioGroup" classname="org.adaptlab.chpir.android.survey.QuestionFragments.SelectOneQuestionFragmentTest" time="0.12"/>
  <testcase name="shouldSetLayoutParamsInRadioButton" classname="org.adaptlab.chpir.android.survey.QuestionFragments.SelectOneQuestionFragmentTest" time="0.117"/>
  <testcase name="shouldAddRadioGroupViewToComponent" classname="org.adaptlab.chpir.android.survey.QuestionFragments.SelectOneQuestionFragmentTest" time="0.119"/>
  <system-out><![CDATA[]]></system-out>
  <system-err><![CDATA[]]></system-err>
</testsuite>
