<?xml version="1.1" encoding="UTF-8"?>
<testsuite name="org.adaptlab.chpir.android.survey.QuestionFragments.SelectMultipleQuestionFragmentTest" tests="8" failures="0" errors="0" timestamp="2013-12-27T01:50:32" hostname="CCFP-0193" time="1.592">
  <properties/>
  <testcase name="shouldSetOptionId" classname="org.adaptlab.chpir.android.survey.QuestionFragments.SelectMultipleQuestionFragmentTest" time="0.181"/>
  <testcase name="shouldCallBeforeAddViewHook" classname="org.adaptlab.chpir.android.survey.QuestionFragments.SelectMultipleQuestionFragmentTest" time="0.136"/>
  <testcase name="shouldSetOptionText" classname="org.adaptlab.chpir.android.survey.QuestionFragments.SelectMultipleQuestionFragmentTest" time="0.162"/>
  <testcase name="fragmentShouldNotBeNull" classname="org.adaptlab.chpir.android.survey.QuestionFragments.SelectMultipleQuestionFragmentTest" time="0.122"/>
  <testcase name="ShouldHaveOnCheckedChangeListener" classname="org.adaptlab.chpir.android.survey.QuestionFragments.SelectMultipleQuestionFragmentTest" time="0.162"/>
  <testcase name="shouldCallSaveMultiResponse" classname="org.adaptlab.chpir.android.survey.QuestionFragments.SelectMultipleQuestionFragmentTest" time="0.182"/>
  <testcase name="shouldAddViewToQuestionComponent" classname="org.adaptlab.chpir.android.survey.QuestionFragments.SelectMultipleQuestionFragmentTest" time="0.472"/>
  <testcase name="shouldSetTypeFace" classname="org.adaptlab.chpir.android.survey.QuestionFragments.SelectMultipleQuestionFragmentTest" time="0.173"/>
  <system-out><![CDATA[]]></system-out>
  <system-err><![CDATA[]]></system-err>
</testsuite>
