<?xml version="1.1" encoding="UTF-8"?>
<testsuite name="org.adaptlab.chpir.android.survey.Models.OptionTranslationTest" tests="4" failures="0" errors="0" timestamp="2013-12-27T01:34:59" hostname="CCFP-0193" time="0.185">
  <properties/>
  <testcase name="shouldFindTranslationBasedOnLanguage" classname="org.adaptlab.chpir.android.survey.Models.OptionTranslationTest" time="0.053"/>
  <testcase name="shouldSetAndGetText" classname="org.adaptlab.chpir.android.survey.Models.OptionTranslationTest" time="0.047"/>
  <testcase name="shouldSetAndGetLanguage" classname="org.adaptlab.chpir.android.survey.Models.OptionTranslationTest" time="0.039"/>
  <testcase name="shouldSetAndGetOption" classname="org.adaptlab.chpir.android.survey.Models.OptionTranslationTest" time="0.044"/>
  <system-out><![CDATA[]]></system-out>
  <system-err><![CDATA[]]></system-err>
</testsuite>
