<?xml version="1.1" encoding="UTF-8"?>
<testsuite name="org.adaptlab.chpir.android.survey.QuestionFragments.SelectOneQuestionFragmentTest" tests="9" failures="0" errors="0" timestamp="2013-12-27T00:53:41" hostname="CCFP-0193" time="1.062">
  <properties/>
  <testcase name="shouldSetTypeFaceOnRadioButton" classname="org.adaptlab.chpir.android.survey.QuestionFragments.SelectOneQuestionFragmentTest" time="0.149"/>
  <testcase name="shouldSetTextOnRadioButton" classname="org.adaptlab.chpir.android.survey.QuestionFragments.SelectOneQuestionFragmentTest" time="0.117"/>
  <testcase name="shouldCallBeforeAddViewHook" classname="org.adaptlab.chpir.android.survey.QuestionFragments.SelectOneQuestionFragmentTest" time="0.119"/>
  <testcase name="radioGroupShouldHaveOnCheckedChangeListener" classname="org.adaptlab.chpir.android.survey.QuestionFragments.SelectOneQuestionFragmentTest" time="0.118"/>
  <testcase name="fragmentShouldNotBeNull" classname="org.adaptlab.chpir.android.survey.QuestionFragments.SelectOneQuestionFragmentTest" time="0.094"/>
  <testcase name="shouldSetIdOnRadioButton" classname="org.adaptlab.chpir.android.survey.QuestionFragments.SelectOneQuestionFragmentTest" time="0.117"/>
  <testcase name="shouldReturnRadioGroup" classname="org.adaptlab.chpir.android.survey.QuestionFragments.SelectOneQuestionFragmentTest" time="0.1"/>
  <testcase name="shouldSetLayoutParamsInRadioButton" classname="org.adaptlab.chpir.android.survey.QuestionFragments.SelectOneQuestionFragmentTest" time="0.12"/>
  <testcase name="shouldAddRadioGroupViewToComponent" classname="org.adaptlab.chpir.android.survey.QuestionFragments.SelectOneQuestionFragmentTest" time="0.128"/>
  <system-out><![CDATA[]]></system-out>
  <system-err><![CDATA[]]></system-err>
</testsuite>
