<?xml version="1.1" encoding="UTF-8"?>
<testsuite name="org.adaptlab.chpir.android.survey.QuestionFragments.FreeResponseQuestionFragmentTest" tests="3" failures="0" errors="0" timestamp="2013-12-27T00:53:38" hostname="CCFP-0193" time="0.252">
  <properties/>
  <testcase name="questionComponentShouldHaveHintString" classname="org.adaptlab.chpir.android.survey.QuestionFragments.FreeResponseQuestionFragmentTest" time="0.09"/>
  <testcase name="fragmentShouldNotBeNull" classname="org.adaptlab.chpir.android.survey.QuestionFragments.FreeResponseQuestionFragmentTest" time="0.076"/>
  <testcase name="questionComponentShoudHaveOneChildView" classname="org.adaptlab.chpir.android.survey.QuestionFragments.FreeResponseQuestionFragmentTest" time="0.086"/>
  <system-out><![CDATA[]]></system-out>
  <system-err><![CDATA[]]></system-err>
</testsuite>
