<?xml version="1.1" encoding="UTF-8"?>
<testsuite name="org.adaptlab.chpir.android.survey.Models.InstrumentTranslationTest" tests="5" failures="0" errors="0" timestamp="2013-12-30T21:10:15" hostname="CCFP-0193" time="0.258">
  <properties/>
  <testcase name="shouldSetAndGetInstrument" classname="org.adaptlab.chpir.android.survey.Models.InstrumentTranslationTest" time="0.058"/>
  <testcase name="shouldSetAndGetAlignment" classname="org.adaptlab.chpir.android.survey.Models.InstrumentTranslationTest" time="0.051"/>
  <testcase name="shouldSetAndGetTitle" classname="org.adaptlab.chpir.android.survey.Models.InstrumentTranslationTest" time="0.052"/>
  <testcase name="shouldSetAndGetLanguage" classname="org.adaptlab.chpir.android.survey.Models.InstrumentTranslationTest" time="0.045"/>
  <testcase name="shouldReturnInstrumentTranslationBasedOnLanguage" classname="org.adaptlab.chpir.android.survey.Models.InstrumentTranslationTest" time="0.052"/>
  <system-out><![CDATA[]]></system-out>
  <system-err><![CDATA[]]></system-err>
</testsuite>
