<?xml version="1.1" encoding="UTF-8"?>
<testsuite name="org.adaptlab.chpir.android.survey.QuestionFragmentTest" tests="9" failures="0" errors="0" timestamp="2013-12-27T00:53:31" hostname="CCFP-0193" time="1.118">
  <properties/>
  <testcase name="shouldReturnInstrument" classname="org.adaptlab.chpir.android.survey.QuestionFragmentTest" time="0.165"/>
  <testcase name="shouldHaveSameResponseHint" classname="org.adaptlab.chpir.android.survey.QuestionFragmentTest" time="0.121"/>
  <testcase name="shouldCallCreateQuestionComponent" classname="org.adaptlab.chpir.android.survey.QuestionFragmentTest" time="0.133"/>
  <testcase name="shouldGetSurvey" classname="org.adaptlab.chpir.android.survey.QuestionFragmentTest" time="0.088"/>
  <testcase name="shouldReturnView" classname="org.adaptlab.chpir.android.survey.QuestionFragmentTest" time="0.116"/>
  <testcase name="shouldNotBeEnabled" classname="org.adaptlab.chpir.android.survey.QuestionFragmentTest" time="0.11"/>
  <testcase name="shouldHaveTextChangeListener" classname="org.adaptlab.chpir.android.survey.QuestionFragmentTest" time="0.137"/>
  <testcase name="shouldGetQuestion" classname="org.adaptlab.chpir.android.survey.QuestionFragmentTest" time="0.138"/>
  <testcase name="shouldReturnResponse" classname="org.adaptlab.chpir.android.survey.QuestionFragmentTest" time="0.109"/>
  <system-out><![CDATA[]]></system-out>
  <system-err><![CDATA[]]></system-err>
</testsuite>
