<?xml version="1.1" encoding="UTF-8"?>
<testsuite name="org.adaptlab.chpir.android.survey.QuestionFragments.SelectOneQuestionFragmentTest" tests="7" failures="0" errors="0" timestamp="2013-12-30T22:15:15" hostname="CCFP-0193" time="0.975">
  <properties/>
  <testcase name="shouldSetTypeFaceOnRadioButton" classname="org.adaptlab.chpir.android.survey.QuestionFragments.SelectOneQuestionFragmentTest" time="0.188"/>
  <testcase name="shouldSetTextOnRadioButton" classname="org.adaptlab.chpir.android.survey.QuestionFragments.SelectOneQuestionFragmentTest" time="0.151"/>
  <testcase name="shouldCallBeforeAddViewHook" classname="org.adaptlab.chpir.android.survey.QuestionFragments.SelectOneQuestionFragmentTest" time="0.134"/>
  <testcase name="fragmentShouldNotBeNull" classname="org.adaptlab.chpir.android.survey.QuestionFragments.SelectOneQuestionFragmentTest" time="0.106"/>
  <testcase name="shouldSetIdOnRadioButton" classname="org.adaptlab.chpir.android.survey.QuestionFragments.SelectOneQuestionFragmentTest" time="0.115"/>
  <testcase name="shouldSetLayoutParamsInRadioButton" classname="org.adaptlab.chpir.android.survey.QuestionFragments.SelectOneQuestionFragmentTest" time="0.146"/>
  <testcase name="shouldAddRadioGroupViewToComponent" classname="org.adaptlab.chpir.android.survey.QuestionFragments.SelectOneQuestionFragmentTest" time="0.135"/>
  <system-out><![CDATA[]]></system-out>
  <system-err><![CDATA[]]></system-err>
</testsuite>
