<?xml version="1.1" encoding="UTF-8"?>
<testsuite name="org.adaptlab.chpir.android.survey.InstrumentFragmentTest" tests="5" failures="0" errors="0" timestamp="2013-12-27T00:40:51" hostname="CCFP-0193" time="1.141">
  <properties/>
  <testcase name="shouldHaveOptionsMenuSetToTrue" classname="org.adaptlab.chpir.android.survey.InstrumentFragmentTest" time="0.195"/>
  <testcase name="shouldDisplayPasswordPromptDialog" classname="org.adaptlab.chpir.android.survey.InstrumentFragmentTest" time="0.5"/>
  <testcase name="shouldHaveOptionsMenuInflated" classname="org.adaptlab.chpir.android.survey.InstrumentFragmentTest" time="0.167"/>
  <testcase name="shouldDetectRefreshMenuItemSelected" classname="org.adaptlab.chpir.android.survey.InstrumentFragmentTest" time="0.133"/>
  <testcase name="shouldCheckAdminPassword" classname="org.adaptlab.chpir.android.survey.InstrumentFragmentTest" time="0.146"/>
  <system-out><![CDATA[]]></system-out>
  <system-err><![CDATA[]]></system-err>
</testsuite>
