<?xml version="1.1" encoding="UTF-8"?>
<testsuite name="org.adaptlab.chpir.android.survey.AdminFragmentTest" tests="13" failures="0" errors="0" timestamp="2013-12-27T01:30:11" hostname="CCFP-0193" time="4.71">
  <properties/>
  <testcase name="shouldSetSyncIntervalText" classname="org.adaptlab.chpir.android.survey.AdminFragmentTest" time="0.751"/>
  <testcase name="shouldSetCustomLocaleCodeText" classname="org.adaptlab.chpir.android.survey.AdminFragmentTest" time="0.34"/>
  <testcase name="shouldReturnView" classname="org.adaptlab.chpir.android.survey.AdminFragmentTest" time="0.547"/>
  <testcase name="shouldHaveSyncIntervalEditText" classname="org.adaptlab.chpir.android.survey.AdminFragmentTest" time="0.374"/>
  <testcase name="shouldSetDeviceIdText" classname="org.adaptlab.chpir.android.survey.AdminFragmentTest" time="0.359"/>
  <testcase name="shoulHaveSaveButton" classname="org.adaptlab.chpir.android.survey.AdminFragmentTest" time="0.331"/>
  <testcase name="shouldSetApiEndPointText" classname="org.adaptlab.chpir.android.survey.AdminFragmentTest" time="0.311"/>
  <testcase name="fragmentShouldNotBeNull" classname="org.adaptlab.chpir.android.survey.AdminFragmentTest" time="0.288"/>
  <testcase name="shouldHaveLastUpdateTextView" classname="org.adaptlab.chpir.android.survey.AdminFragmentTest" time="0.272"/>
  <testcase name="shouldDisplayLastUpdateTime" classname="org.adaptlab.chpir.android.survey.AdminFragmentTest" time="0.311"/>
  <testcase name="shouldHaveCustomLocaleEditText" classname="org.adaptlab.chpir.android.survey.AdminFragmentTest" time="0.255"/>
  <testcase name="shouldHaveDeviceIdentifierEditText" classname="org.adaptlab.chpir.android.survey.AdminFragmentTest" time="0.283"/>
  <testcase name="shouldHaveApiEndPointText" classname="org.adaptlab.chpir.android.survey.AdminFragmentTest" time="0.287"/>
  <system-out><![CDATA[]]></system-out>
  <system-err><![CDATA[]]></system-err>
</testsuite>
