<?xml version="1.1" encoding="UTF-8"?>
<testsuite name="org.adaptlab.chpir.android.survey.QuestionFragments.SliderQuestionFragmentTest" tests="4" failures="0" errors="0" timestamp="2013-12-30T22:15:16" hostname="CCFP-0193" time="0.564">
  <properties/>
  <testcase name="shouldCallCreateQuestionComponent" classname="org.adaptlab.chpir.android.survey.QuestionFragments.SliderQuestionFragmentTest" time="0.194"/>
  <testcase name="fragmentShouldNotBeNull" classname="org.adaptlab.chpir.android.survey.QuestionFragments.SliderQuestionFragmentTest" time="0.102"/>
  <testcase name="shouldCallAddViewWithSlider" classname="org.adaptlab.chpir.android.survey.QuestionFragments.SliderQuestionFragmentTest" time="0.128"/>
  <testcase name="shouldHaveSeekBar" classname="org.adaptlab.chpir.android.survey.QuestionFragments.SliderQuestionFragmentTest" time="0.139"/>
  <system-out><![CDATA[]]></system-out>
  <system-err><![CDATA[]]></system-err>
</testsuite>
