<?xml version="1.1" encoding="UTF-8"?>
<testsuite name="org.adaptlab.chpir.android.survey.InstrumentActivityTest" tests="1" failures="0" errors="0" timestamp="2013-12-30T22:15:06" hostname="CCFP-0193" time="0.163">
  <properties/>
  <testcase name="shouldInstrumentFragmentType" classname="org.adaptlab.chpir.android.survey.InstrumentActivityTest" time="0.163"/>
  <system-out><![CDATA[]]></system-out>
  <system-err><![CDATA[]]></system-err>
</testsuite>
