<?xml version="1.1" encoding="UTF-8"?>
<testsuite name="org.adaptlab.chpir.android.survey.QuestionFragments.SelectOneWriteOtherQuestionFragmentTest" tests="1" failures="0" errors="0" timestamp="2013-12-30T21:10:20" hostname="CCFP-0193" time="0.12">
  <properties/>
  <testcase name="fragmentShouldNotBeNull" classname="org.adaptlab.chpir.android.survey.QuestionFragments.SelectOneWriteOtherQuestionFragmentTest" time="0.12"/>
  <system-out><![CDATA[]]></system-out>
  <system-err><![CDATA[]]></system-err>
</testsuite>
