<?xml version="1.1" encoding="UTF-8"?>
<testsuite name="org.adaptlab.chpir.android.survey.QuestionFragmentTest" tests="9" failures="0" errors="0" timestamp="2013-12-27T01:34:54" hostname="CCFP-0193" time="1.244">
  <properties/>
  <testcase name="shouldReturnInstrument" classname="org.adaptlab.chpir.android.survey.QuestionFragmentTest" time="0.15"/>
  <testcase name="shouldHaveSameResponseHint" classname="org.adaptlab.chpir.android.survey.QuestionFragmentTest" time="0.116"/>
  <testcase name="shouldCallCreateQuestionComponent" classname="org.adaptlab.chpir.android.survey.QuestionFragmentTest" time="0.14"/>
  <testcase name="shouldGetSurvey" classname="org.adaptlab.chpir.android.survey.QuestionFragmentTest" time="0.115"/>
  <testcase name="shouldReturnView" classname="org.adaptlab.chpir.android.survey.QuestionFragmentTest" time="0.151"/>
  <testcase name="shouldNotBeEnabled" classname="org.adaptlab.chpir.android.survey.QuestionFragmentTest" time="0.151"/>
  <testcase name="shouldHaveTextChangeListener" classname="org.adaptlab.chpir.android.survey.QuestionFragmentTest" time="0.158"/>
  <testcase name="shouldGetQuestion" classname="org.adaptlab.chpir.android.survey.QuestionFragmentTest" time="0.117"/>
  <testcase name="shouldReturnResponse" classname="org.adaptlab.chpir.android.survey.QuestionFragmentTest" time="0.146"/>
  <system-out><![CDATA[]]></system-out>
  <system-err><![CDATA[]]></system-err>
</testsuite>
