<?xml version="1.1" encoding="UTF-8"?>
<testsuite name="org.adaptlab.chpir.android.survey.Models.OptionTest" tests="8" failures="0" errors="0" timestamp="2013-12-27T01:30:21" hostname="CCFP-0193" time="0.468">
  <properties/>
  <testcase name="shouldGetTranslationByLanguage" classname="org.adaptlab.chpir.android.survey.Models.OptionTest" time="0.062"/>
  <testcase name="shouldCreateObjectFromJson" classname="org.adaptlab.chpir.android.survey.Models.OptionTest" time="0.056"/>
  <testcase name="shouldSetAndGetNextQuestion" classname="org.adaptlab.chpir.android.survey.Models.OptionTest" time="0.072"/>
  <testcase name="shouldFindByRemoteId" classname="org.adaptlab.chpir.android.survey.Models.OptionTest" time="0.054"/>
  <testcase name="shouldSetAndGetTextIfSameInstrumentLanguage" classname="org.adaptlab.chpir.android.survey.Models.OptionTest" time="0.067"/>
  <testcase name="shouldSetAndGetQuestion" classname="org.adaptlab.chpir.android.survey.Models.OptionTest" time="0.042"/>
  <testcase name="shouldGetTranslationTextIfDifferentInstrumenLanguage" classname="org.adaptlab.chpir.android.survey.Models.OptionTest" time="0.06"/>
  <testcase name="shouldSetAndGetRemoteId" classname="org.adaptlab.chpir.android.survey.Models.OptionTest" time="0.054"/>
  <system-out><![CDATA[]]></system-out>
  <system-err><![CDATA[]]></system-err>
</testsuite>
