<?xml version="1.1" encoding="UTF-8"?>
<testsuite name="org.adaptlab.chpir.android.survey.QuestionFragmentTest" tests="9" failures="0" errors="0" timestamp="2013-12-27T01:50:22" hostname="CCFP-0193" time="1.328">
  <properties/>
  <testcase name="shouldReturnInstrument" classname="org.adaptlab.chpir.android.survey.QuestionFragmentTest" time="0.166"/>
  <testcase name="shouldHaveSameResponseHint" classname="org.adaptlab.chpir.android.survey.QuestionFragmentTest" time="0.151"/>
  <testcase name="shouldCallCreateQuestionComponent" classname="org.adaptlab.chpir.android.survey.QuestionFragmentTest" time="0.15"/>
  <testcase name="shouldGetSurvey" classname="org.adaptlab.chpir.android.survey.QuestionFragmentTest" time="0.096"/>
  <testcase name="shouldReturnView" classname="org.adaptlab.chpir.android.survey.QuestionFragmentTest" time="0.174"/>
  <testcase name="shouldNotBeEnabled" classname="org.adaptlab.chpir.android.survey.QuestionFragmentTest" time="0.136"/>
  <testcase name="shouldHaveTextChangeListener" classname="org.adaptlab.chpir.android.survey.QuestionFragmentTest" time="0.177"/>
  <testcase name="shouldGetQuestion" classname="org.adaptlab.chpir.android.survey.QuestionFragmentTest" time="0.138"/>
  <testcase name="shouldReturnResponse" classname="org.adaptlab.chpir.android.survey.QuestionFragmentTest" time="0.138"/>
  <system-out><![CDATA[]]></system-out>
  <system-err><![CDATA[]]></system-err>
</testsuite>
