<?xml version="1.1" encoding="UTF-8"?>
<testsuite name="org.adaptlab.chpir.android.survey.QuestionFragments.TimeQuestionFragmentTest" tests="3" failures="0" errors="0" timestamp="2013-12-27T00:41:05" hostname="CCFP-0193" time="0.522">
  <properties/>
  <testcase name="shouldHaveTimePickerView" classname="org.adaptlab.chpir.android.survey.QuestionFragments.TimeQuestionFragmentTest" time="0.24"/>
  <testcase name="shouldNotBeNull" classname="org.adaptlab.chpir.android.survey.QuestionFragments.TimeQuestionFragmentTest" time="0.085"/>
  <testcase name="shouldHaveTimeChangedListener" classname="org.adaptlab.chpir.android.survey.QuestionFragments.TimeQuestionFragmentTest" time="0.197"/>
  <system-out><![CDATA[]]></system-out>
  <system-err><![CDATA[]]></system-err>
</testsuite>
