<?xml version="1.1" encoding="UTF-8"?>
<testsuite name="org.adaptlab.chpir.android.survey.Models.SurveyTest" tests="15" failures="0" errors="0" timestamp="2013-12-27T01:50:30" hostname="CCFP-0193" time="0.961">
  <properties/>
  <testcase name="shouldSetAndGetSameInstrument" classname="org.adaptlab.chpir.android.survey.Models.SurveyTest" time="0.064"/>
  <testcase name="shouldHaveJsonStringUuid" classname="org.adaptlab.chpir.android.survey.Models.SurveyTest" time="0.072"/>
  <testcase name="shouldGetUniqueUUID" classname="org.adaptlab.chpir.android.survey.Models.SurveyTest" time="0.071"/>
  <testcase name="shouldReturnResponseBasedOnQuestion" classname="org.adaptlab.chpir.android.survey.Models.SurveyTest" time="0.038"/>
  <testcase name="shouldSetAsSent" classname="org.adaptlab.chpir.android.survey.Models.SurveyTest" time="0.08"/>
  <testcase name="shouldSetAsComplete" classname="org.adaptlab.chpir.android.survey.Models.SurveyTest" time="0.079"/>
  <testcase name="shouldNotBeSent" classname="org.adaptlab.chpir.android.survey.Models.SurveyTest" time="0.069"/>
  <testcase name="shouldReturnUUID" classname="org.adaptlab.chpir.android.survey.Models.SurveyTest" time="0.06"/>
  <testcase name="shouldHaveJsonStringDeviceIdentifier" classname="org.adaptlab.chpir.android.survey.Models.SurveyTest" time="0.056"/>
  <testcase name="jsonShouldNotBeNull" classname="org.adaptlab.chpir.android.survey.Models.SurveyTest" time="0.06"/>
  <testcase name="shouldHaveJsonStringInstrumentId" classname="org.adaptlab.chpir.android.survey.Models.SurveyTest" time="0.07"/>
  <testcase name="shouldHaveJsonStringInstrumentVersionNumber" classname="org.adaptlab.chpir.android.survey.Models.SurveyTest" time="0.064"/>
  <testcase name="shouldNotReturnAnyResponse" classname="org.adaptlab.chpir.android.survey.Models.SurveyTest" time="0.052"/>
  <testcase name="shouldNotBeReadyToSend" classname="org.adaptlab.chpir.android.survey.Models.SurveyTest" time="0.056"/>
  <testcase name="shouldSetResponsesAndGetListOfResponse" classname="org.adaptlab.chpir.android.survey.Models.SurveyTest" time="0.068"/>
  <system-out><![CDATA[]]></system-out>
  <system-err><![CDATA[]]></system-err>
</testsuite>
