<?xml version="1.1" encoding="UTF-8"?>
<testsuite name="org.adaptlab.chpir.android.survey.QuestionFragments.SelectMultipleWriteOtherQuestionFragmentTest" tests="5" failures="0" errors="0" timestamp="2013-12-27T01:30:26" hostname="CCFP-0193" time="0.758">
  <properties/>
  <testcase name="shouldNotBeNull" classname="org.adaptlab.chpir.android.survey.QuestionFragments.SelectMultipleWriteOtherQuestionFragmentTest" time="0.122"/>
  <testcase name="shouldAddTwoViewsToQuestionComponent" classname="org.adaptlab.chpir.android.survey.QuestionFragments.SelectMultipleWriteOtherQuestionFragmentTest" time="0.18"/>
  <testcase name="ShouldHaveOnCheckedChangeListenerSet" classname="org.adaptlab.chpir.android.survey.QuestionFragments.SelectMultipleWriteOtherQuestionFragmentTest" time="0.15"/>
  <testcase name="shouldSetCheckBoxText" classname="org.adaptlab.chpir.android.survey.QuestionFragments.SelectMultipleWriteOtherQuestionFragmentTest" time="0.159"/>
  <testcase name="shouldCallAddOtherResponseView" classname="org.adaptlab.chpir.android.survey.QuestionFragments.SelectMultipleWriteOtherQuestionFragmentTest" time="0.147"/>
  <system-out><![CDATA[]]></system-out>
  <system-err><![CDATA[]]></system-err>
</testsuite>
