<?xml version="1.1" encoding="UTF-8"?>
<testsuite name="org.adaptlab.chpir.android.survey.InstrumentFragmentTest" tests="5" failures="0" errors="0" timestamp="2013-12-30T21:10:10" hostname="CCFP-0193" time="1.179">
  <properties/>
  <testcase name="shouldHaveOptionsMenuSetToTrue" classname="org.adaptlab.chpir.android.survey.InstrumentFragmentTest" time="0.221"/>
  <testcase name="shouldDisplayPasswordPromptDialog" classname="org.adaptlab.chpir.android.survey.InstrumentFragmentTest" time="0.529"/>
  <testcase name="shouldHaveOptionsMenuInflated" classname="org.adaptlab.chpir.android.survey.InstrumentFragmentTest" time="0.149"/>
  <testcase name="shouldDetectRefreshMenuItemSelected" classname="org.adaptlab.chpir.android.survey.InstrumentFragmentTest" time="0.138"/>
  <testcase name="shouldCheckAdminPassword" classname="org.adaptlab.chpir.android.survey.InstrumentFragmentTest" time="0.142"/>
  <system-out><![CDATA[]]></system-out>
  <system-err><![CDATA[]]></system-err>
</testsuite>
