<?xml version="1.1" encoding="UTF-8"?>
<testsuite name="org.adaptlab.chpir.android.survey.QuestionFragments.RatingQuestionFragmentTest" tests="3" failures="0" errors="0" timestamp="2013-12-30T22:15:14" hostname="CCFP-0193" time="0.371">
  <properties/>
  <testcase name="shouldNotBeNull" classname="org.adaptlab.chpir.android.survey.QuestionFragments.RatingQuestionFragmentTest" time="0.102"/>
  <testcase name="shouldHaveRatingBarView" classname="org.adaptlab.chpir.android.survey.QuestionFragments.RatingQuestionFragmentTest" time="0.144"/>
  <testcase name="shouldHaveFiveRatingStars" classname="org.adaptlab.chpir.android.survey.QuestionFragments.RatingQuestionFragmentTest" time="0.124"/>
  <system-out><![CDATA[]]></system-out>
  <system-err><![CDATA[]]></system-err>
</testsuite>
