<?xml version="1.1" encoding="UTF-8"?>
<testsuite name="org.adaptlab.chpir.android.survey.QuestionFragments.SelectOneQuestionFragmentTest" tests="9" failures="0" errors="0" timestamp="2013-12-27T01:50:35" hostname="CCFP-0193" time="1.316">
  <properties/>
  <testcase name="shouldSetTypeFaceOnRadioButton" classname="org.adaptlab.chpir.android.survey.QuestionFragments.SelectOneQuestionFragmentTest" time="0.185"/>
  <testcase name="shouldSetTextOnRadioButton" classname="org.adaptlab.chpir.android.survey.QuestionFragments.SelectOneQuestionFragmentTest" time="0.136"/>
  <testcase name="shouldCallBeforeAddViewHook" classname="org.adaptlab.chpir.android.survey.QuestionFragments.SelectOneQuestionFragmentTest" time="0.149"/>
  <testcase name="radioGroupShouldHaveOnCheckedChangeListener" classname="org.adaptlab.chpir.android.survey.QuestionFragments.SelectOneQuestionFragmentTest" time="0.149"/>
  <testcase name="fragmentShouldNotBeNull" classname="org.adaptlab.chpir.android.survey.QuestionFragments.SelectOneQuestionFragmentTest" time="0.117"/>
  <testcase name="shouldSetIdOnRadioButton" classname="org.adaptlab.chpir.android.survey.QuestionFragments.SelectOneQuestionFragmentTest" time="0.156"/>
  <testcase name="shouldReturnRadioGroup" classname="org.adaptlab.chpir.android.survey.QuestionFragments.SelectOneQuestionFragmentTest" time="0.123"/>
  <testcase name="shouldSetLayoutParamsInRadioButton" classname="org.adaptlab.chpir.android.survey.QuestionFragments.SelectOneQuestionFragmentTest" time="0.134"/>
  <testcase name="shouldAddRadioGroupViewToComponent" classname="org.adaptlab.chpir.android.survey.QuestionFragments.SelectOneQuestionFragmentTest" time="0.166"/>
  <system-out><![CDATA[]]></system-out>
  <system-err><![CDATA[]]></system-err>
</testsuite>
