<?xml version="1.1" encoding="UTF-8"?>
<testsuite name="org.adaptlab.chpir.android.survey.Models.AdminSettingsTest" tests="4" failures="0" errors="0" timestamp="2013-12-27T01:30:19" hostname="CCFP-0193" time="0.257">
  <properties/>
  <testcase name="shouldSetAndGetDeviceIdentifier" classname="org.adaptlab.chpir.android.survey.Models.AdminSettingsTest" time="0.065"/>
  <testcase name="shouldGetAdminSettingsInstance" classname="org.adaptlab.chpir.android.survey.Models.AdminSettingsTest" time="0.054"/>
  <testcase name="shouldSetAndGetSyncInternval" classname="org.adaptlab.chpir.android.survey.Models.AdminSettingsTest" time="0.072"/>
  <testcase name="shouldSetAndGetApiUrl" classname="org.adaptlab.chpir.android.survey.Models.AdminSettingsTest" time="0.066"/>
  <system-out><![CDATA[]]></system-out>
  <system-err><![CDATA[]]></system-err>
</testsuite>
