<?xml version="1.1" encoding="UTF-8"?>
<testsuite name="org.adaptlab.chpir.android.survey.Models.QuestionTest" tests="13" failures="0" errors="0" timestamp="2013-12-27T01:50:28" hostname="CCFP-0193" time="0.926">
  <properties/>
  <testcase name="shouldSetAndGetIntrumentOfQuestion" classname="org.adaptlab.chpir.android.survey.Models.QuestionTest" time="0.102"/>
  <testcase name="shouldFindQuestionByRemoteId" classname="org.adaptlab.chpir.android.survey.Models.QuestionTest" time="0.07"/>
  <testcase name="shouldCreateObjectFromJson" classname="org.adaptlab.chpir.android.survey.Models.QuestionTest" time="0.072"/>
  <testcase name="shouldTestIfQuestionHasOptions" classname="org.adaptlab.chpir.android.survey.Models.QuestionTest" time="0.076"/>
  <testcase name="shouldGetAllQuestions" classname="org.adaptlab.chpir.android.survey.Models.QuestionTest" time="0.068"/>
  <testcase name="shouldReturnValidQuestionType" classname="org.adaptlab.chpir.android.survey.Models.QuestionTest" time="0.07"/>
  <testcase name="shouldFindQuestionByQuestionIdentifier" classname="org.adaptlab.chpir.android.survey.Models.QuestionTest" time="0.064"/>
  <testcase name="shouldReturnListOfOptions" classname="org.adaptlab.chpir.android.survey.Models.QuestionTest" time="0.067"/>
  <testcase name="shouldTestIfQuestionHasSkipPattern" classname="org.adaptlab.chpir.android.survey.Models.QuestionTest" time="0.067"/>
  <testcase name="shouldSetAndGetQuestionText" classname="org.adaptlab.chpir.android.survey.Models.QuestionTest" time="0.083"/>
  <testcase name="shouldSetAndGetQuestionType" classname="org.adaptlab.chpir.android.survey.Models.QuestionTest" time="0.068"/>
  <testcase name="shouldSetAndGetRemoteId" classname="org.adaptlab.chpir.android.survey.Models.QuestionTest" time="0.062"/>
  <testcase name="shouldSetAndGetQuestionIdentifier" classname="org.adaptlab.chpir.android.survey.Models.QuestionTest" time="0.054"/>
  <system-out><![CDATA[]]></system-out>
  <system-err><![CDATA[]]></system-err>
</testsuite>
