<?xml version="1.1" encoding="UTF-8"?>
<testsuite name="org.adaptlab.chpir.android.survey.Models.QuestionTest" tests="13" failures="0" errors="0" timestamp="2013-12-27T01:34:59" hostname="CCFP-0193" time="0.534">
  <properties/>
  <testcase name="shouldSetAndGetIntrumentOfQuestion" classname="org.adaptlab.chpir.android.survey.Models.QuestionTest" time="0.058"/>
  <testcase name="shouldFindQuestionByRemoteId" classname="org.adaptlab.chpir.android.survey.Models.QuestionTest" time="0.041"/>
  <testcase name="shouldCreateObjectFromJson" classname="org.adaptlab.chpir.android.survey.Models.QuestionTest" time="0.042"/>
  <testcase name="shouldTestIfQuestionHasOptions" classname="org.adaptlab.chpir.android.survey.Models.QuestionTest" time="0.04"/>
  <testcase name="shouldGetAllQuestions" classname="org.adaptlab.chpir.android.survey.Models.QuestionTest" time="0.036"/>
  <testcase name="shouldReturnValidQuestionType" classname="org.adaptlab.chpir.android.survey.Models.QuestionTest" time="0.042"/>
  <testcase name="shouldFindQuestionByQuestionIdentifier" classname="org.adaptlab.chpir.android.survey.Models.QuestionTest" time="0.035"/>
  <testcase name="shouldReturnListOfOptions" classname="org.adaptlab.chpir.android.survey.Models.QuestionTest" time="0.036"/>
  <testcase name="shouldTestIfQuestionHasSkipPattern" classname="org.adaptlab.chpir.android.survey.Models.QuestionTest" time="0.043"/>
  <testcase name="shouldSetAndGetQuestionText" classname="org.adaptlab.chpir.android.survey.Models.QuestionTest" time="0.037"/>
  <testcase name="shouldSetAndGetQuestionType" classname="org.adaptlab.chpir.android.survey.Models.QuestionTest" time="0.048"/>
  <testcase name="shouldSetAndGetRemoteId" classname="org.adaptlab.chpir.android.survey.Models.QuestionTest" time="0.032"/>
  <testcase name="shouldSetAndGetQuestionIdentifier" classname="org.adaptlab.chpir.android.survey.Models.QuestionTest" time="0.041"/>
  <system-out><![CDATA[]]></system-out>
  <system-err><![CDATA[]]></system-err>
</testsuite>
