<?xml version="1.1" encoding="UTF-8"?>
<testsuite name="org.adaptlab.chpir.android.survey.QuestionFragments.RatingQuestionFragmentTest" tests="4" failures="0" errors="0" timestamp="2013-12-27T00:53:39" hostname="CCFP-0193" time="0.556">
  <properties/>
  <testcase name="shouldNotBeNull" classname="org.adaptlab.chpir.android.survey.QuestionFragments.RatingQuestionFragmentTest" time="0.1"/>
  <testcase name="shouldHaveOnRatingsChanged" classname="org.adaptlab.chpir.android.survey.QuestionFragments.RatingQuestionFragmentTest" time="0.17"/>
  <testcase name="shouldHaveRatingBarView" classname="org.adaptlab.chpir.android.survey.QuestionFragments.RatingQuestionFragmentTest" time="0.149"/>
  <testcase name="shouldHaveFiveRatingStars" classname="org.adaptlab.chpir.android.survey.QuestionFragments.RatingQuestionFragmentTest" time="0.137"/>
  <system-out><![CDATA[]]></system-out>
  <system-err><![CDATA[]]></system-err>
</testsuite>
