<?xml version="1.1" encoding="UTF-8"?>
<testsuite name="org.adaptlab.chpir.android.survey.QuestionFragments.SelectMultipleWriteOtherQuestionFragmentTest" tests="1" failures="0" errors="0" timestamp="2013-12-30T22:15:15" hostname="CCFP-0193" time="0.146">
  <properties/>
  <testcase name="shouldNotBeNull" classname="org.adaptlab.chpir.android.survey.QuestionFragments.SelectMultipleWriteOtherQuestionFragmentTest" time="0.146"/>
  <system-out><![CDATA[]]></system-out>
  <system-err><![CDATA[]]></system-err>
</testsuite>
