<?xml version="1.1" encoding="UTF-8"?>
<testsuite name="org.adaptlab.chpir.android.survey.QuestionFragments.DateQuestionFragmentTest" tests="3" failures="0" errors="0" timestamp="2013-12-30T21:10:18" hostname="CCFP-0193" time="0.259">
  <properties/>
  <testcase name="shouldNotBeNull" classname="org.adaptlab.chpir.android.survey.QuestionFragments.DateQuestionFragmentTest" time="0.101"/>
  <testcase name="shouldHaveDateChangeListener" classname="org.adaptlab.chpir.android.survey.QuestionFragments.DateQuestionFragmentTest" time="0.083"/>
  <testcase name="shouldHaveDatePickerView" classname="org.adaptlab.chpir.android.survey.QuestionFragments.DateQuestionFragmentTest" time="0.075"/>
  <system-out><![CDATA[]]></system-out>
  <system-err><![CDATA[]]></system-err>
</testsuite>
